2018-10-31T22:34:52.611966Z 0 [Warning] TIMESTAMP with implicit DEFAULT value is deprecated. Please use --explicit_defaults_for_timestamp server option (see documentation for more details).
2018-10-31T22:34:52.784992Z 0 [Warning] InnoDB: New log files created, LSN=45790
2018-10-31T22:34:52.817491Z 0 [Warning] InnoDB: Creating foreign key constraint system tables.
2018-10-31T22:34:52.874161Z 0 [Warning] No existing UUID has been found, so we assume that this is the first time that this server has been started. Generating a new UUID: 2f38b098-dd5d-11e8-94b4-080027f33c43.
2018-10-31T22:34:52.876277Z 0 [Warning] Gtid table is not ready to be used. Table 'mysql.gtid_executed' cannot be opened.
2018-10-31T22:34:52.876530Z 1 [Warning] root@localhost is created with an empty password ! Please consider switching off the --initialize-insecure option.
2018-10-31T22:34:57.045169Z 0 [Warning] TIMESTAMP with implicit DEFAULT value is deprecated. Please use --explicit_defaults_for_timestamp server option (see documentation for more details).
2018-10-31T22:34:57.046186Z 0 [Note] mysqld (mysqld 5.7.24-0ubuntu0.18.04.1) starting as process 22403 ...
2018-10-31T22:34:57.049204Z 0 [Note] InnoDB: PUNCH HOLE support available
2018-10-31T22:34:57.049219Z 0 [Note] InnoDB: Mutexes and rw_locks use GCC atomic builtins
2018-10-31T22:34:57.049222Z 0 [Note] InnoDB: Uses event mutexes
2018-10-31T22:34:57.049225Z 0 [Note] InnoDB: GCC builtin __atomic_thread_fence() is used for memory barrier
2018-10-31T22:34:57.049227Z 0 [Note] InnoDB: Compressed tables use zlib 1.2.11
2018-10-31T22:34:57.049230Z 0 [Note] InnoDB: Using Linux native AIO
2018-10-31T22:34:57.049351Z 0 [Note] InnoDB: Number of pools: 1
2018-10-31T22:34:57.049404Z 0 [Note] InnoDB: Using CPU crc32 instructions
2018-10-31T22:34:57.050458Z 0 [Note] InnoDB: Initializing buffer pool, total size = 128M, instances = 1, chunk size = 128M
2018-10-31T22:34:57.056623Z 0 [Note] InnoDB: Completed initialization of buffer pool
2018-10-31T22:34:57.057871Z 0 [Note] InnoDB: If the mysqld execution user is authorized, page cleaner thread priority can be changed. See the man page of setpriority().
2018-10-31T22:34:57.070871Z 0 [Note] InnoDB: Highest supported file format is Barracuda.
2018-10-31T22:34:57.080843Z 0 [Note] InnoDB: Creating shared tablespace for temporary tables
2018-10-31T22:34:57.080883Z 0 [Note] InnoDB: Setting file './ibtmp1' size to 12 MB. Physically writing the file full; Please wait ...
2018-10-31T22:34:57.095978Z 0 [Note] InnoDB: File './ibtmp1' size is now 12 MB.
2018-10-31T22:34:57.096415Z 0 [Note] InnoDB: 96 redo rollback segment(s) found. 96 redo rollback segment(s) are active.
2018-10-31T22:34:57.096422Z 0 [Note] InnoDB: 32 non-redo rollback segment(s) are active.
2018-10-31T22:34:57.096556Z 0 [Note] InnoDB: Waiting for purge to start
2018-10-31T22:34:57.147590Z 0 [Note] InnoDB: 5.7.24 started; log sequence number 2591881
2018-10-31T22:34:57.147822Z 0 [Note] Plugin 'FEDERATED' is disabled.
2018-10-31T22:34:57.151991Z 0 [Warning] Failed to set up SSL because of the following SSL library error: SSL context is not usable without certificate and private key
2018-10-31T22:34:57.152151Z 0 [Note] InnoDB: Loading buffer pool(s) from /var/lib/mysql/ib_buffer_pool
2018-10-31T22:34:57.153387Z 0 [Note] InnoDB: Buffer pool(s) load completed at 181031 18:34:57
2018-10-31T22:34:57.153922Z 0 [Warning] Insecure configuration for --pid-file: Location '/tmp' in the path is accessible to all OS users. Consider choosing a different directory.
2018-10-31T22:34:57.158786Z 0 [Note] Event Scheduler: Loaded 0 events
2018-10-31T22:34:57.158921Z 0 [Note] mysqld: ready for connections.
Version: '5.7.24-0ubuntu0.18.04.1'  socket: '/tmp/tmp.6RAxBRVY3H/mysqld.sock'  port: 0  (Ubuntu)
2018-10-31T22:34:57.168117Z 0 [Note] Giving 0 client threads a chance to die gracefully
2018-10-31T22:34:57.168142Z 0 [Note] Shutting down slave threads
2018-10-31T22:34:57.168148Z 0 [Note] Forcefully disconnecting 0 remaining clients
2018-10-31T22:34:57.168154Z 0 [Note] Event Scheduler: Purging the queue. 0 events
2018-10-31T22:34:57.168191Z 0 [Note] Binlog end
2018-10-31T22:34:57.168515Z 0 [Note] Shutting down plugin 'auth_socket'
2018-10-31T22:34:57.168526Z 0 [Note] Shutting down plugin 'ngram'
2018-10-31T22:34:57.168528Z 0 [Note] Shutting down plugin 'partition'
2018-10-31T22:34:57.168530Z 0 [Note] Shutting down plugin 'BLACKHOLE'
2018-10-31T22:34:57.168533Z 0 [Note] Shutting down plugin 'ARCHIVE'
2018-10-31T22:34:57.168535Z 0 [Note] Shutting down plugin 'PERFORMANCE_SCHEMA'
2018-10-31T22:34:57.168550Z 0 [Note] Shutting down plugin 'MRG_MYISAM'
2018-10-31T22:34:57.168553Z 0 [Note] Shutting down plugin 'MyISAM'
2018-10-31T22:34:57.168556Z 0 [Note] Shutting down plugin 'INNODB_SYS_VIRTUAL'
2018-10-31T22:34:57.168559Z 0 [Note] Shutting down plugin 'INNODB_SYS_DATAFILES'
2018-10-31T22:34:57.168562Z 0 [Note] Shutting down plugin 'INNODB_SYS_TABLESPACES'
2018-10-31T22:34:57.168564Z 0 [Note] Shutting down plugin 'INNODB_SYS_FOREIGN_COLS'
2018-10-31T22:34:57.168566Z 0 [Note] Shutting down plugin 'INNODB_SYS_FOREIGN'
2018-10-31T22:34:57.168568Z 0 [Note] Shutting down plugin 'INNODB_SYS_FIELDS'
2018-10-31T22:34:57.168570Z 0 [Note] Shutting down plugin 'INNODB_SYS_COLUMNS'
2018-10-31T22:34:57.168571Z 0 [Note] Shutting down plugin 'INNODB_SYS_INDEXES'
2018-10-31T22:34:57.168573Z 0 [Note] Shutting down plugin 'INNODB_SYS_TABLESTATS'
2018-10-31T22:34:57.168575Z 0 [Note] Shutting down plugin 'INNODB_SYS_TABLES'
2018-10-31T22:34:57.168577Z 0 [Note] Shutting down plugin 'INNODB_FT_INDEX_TABLE'
2018-10-31T22:34:57.168579Z 0 [Note] Shutting down plugin 'INNODB_FT_INDEX_CACHE'
2018-10-31T22:34:57.168580Z 0 [Note] Shutting down plugin 'INNODB_FT_CONFIG'
2018-10-31T22:34:57.168628Z 0 [Note] Shutting down plugin 'INNODB_FT_BEING_DELETED'
2018-10-31T22:34:57.168631Z 0 [Note] Shutting down plugin 'INNODB_FT_DELETED'
2018-10-31T22:34:57.168632Z 0 [Note] Shutting down plugin 'INNODB_FT_DEFAULT_STOPWORD'
2018-10-31T22:34:57.168634Z 0 [Note] Shutting down plugin 'INNODB_METRICS'
2018-10-31T22:34:57.168636Z 0 [Note] Shutting down plugin 'INNODB_TEMP_TABLE_INFO'
2018-10-31T22:34:57.168637Z 0 [Note] Shutting down plugin 'INNODB_BUFFER_POOL_STATS'
2018-10-31T22:34:57.168639Z 0 [Note] Shutting down plugin 'INNODB_BUFFER_PAGE_LRU'
2018-10-31T22:34:57.168640Z 0 [Note] Shutting down plugin 'INNODB_BUFFER_PAGE'
2018-10-31T22:34:57.168642Z 0 [Note] Shutting down plugin 'INNODB_CMP_PER_INDEX_RESET'
2018-10-31T22:34:57.168644Z 0 [Note] Shutting down plugin 'INNODB_CMP_PER_INDEX'
2018-10-31T22:34:57.168645Z 0 [Note] Shutting down plugin 'INNODB_CMPMEM_RESET'
2018-10-31T22:34:57.168647Z 0 [Note] Shutting down plugin 'INNODB_CMPMEM'
2018-10-31T22:34:57.168649Z 0 [Note] Shutting down plugin 'INNODB_CMP_RESET'
2018-10-31T22:34:57.168650Z 0 [Note] Shutting down plugin 'INNODB_CMP'
2018-10-31T22:34:57.168652Z 0 [Note] Shutting down plugin 'INNODB_LOCK_WAITS'
2018-10-31T22:34:57.168654Z 0 [Note] Shutting down plugin 'INNODB_LOCKS'
2018-10-31T22:34:57.168655Z 0 [Note] Shutting down plugin 'INNODB_TRX'
2018-10-31T22:34:57.168657Z 0 [Note] Shutting down plugin 'InnoDB'
2018-10-31T22:34:57.168686Z 0 [Note] InnoDB: FTS optimize thread exiting.
2018-10-31T22:34:57.168809Z 0 [Note] InnoDB: Starting shutdown...
2018-10-31T22:34:57.269495Z 0 [Note] InnoDB: Dumping buffer pool(s) to /var/lib/mysql/ib_buffer_pool
2018-10-31T22:34:57.269653Z 0 [Note] InnoDB: Buffer pool(s) dump completed at 181031 18:34:57
2018-10-31T22:34:58.989680Z 0 [Note] InnoDB: Shutdown completed; log sequence number 2592086
2018-10-31T22:34:58.990765Z 0 [Note] InnoDB: Removed temporary tablespace data file: "ibtmp1"
2018-10-31T22:34:58.990775Z 0 [Note] Shutting down plugin 'MEMORY'
2018-10-31T22:34:58.990780Z 0 [Note] Shutting down plugin 'CSV'
2018-10-31T22:34:58.990784Z 0 [Note] Shutting down plugin 'sha256_password'
2018-10-31T22:34:58.990786Z 0 [Note] Shutting down plugin 'mysql_native_password'
2018-10-31T22:34:58.990928Z 0 [Note] Shutting down plugin 'binlog'
2018-10-31T22:34:58.991134Z 0 [Note] mysqld: Shutdown complete

2018-10-31T22:34:59.675332Z 0 [Warning] TIMESTAMP with implicit DEFAULT value is deprecated. Please use --explicit_defaults_for_timestamp server option (see documentation for more details).
2018-10-31T22:34:59.676177Z 0 [Note] mysqld (mysqld 5.7.24-0ubuntu0.18.04.1) starting as process 22453 ...
2018-10-31T22:34:59.678463Z 0 [Note] InnoDB: PUNCH HOLE support available
2018-10-31T22:34:59.678474Z 0 [Note] InnoDB: Mutexes and rw_locks use GCC atomic builtins
2018-10-31T22:34:59.678477Z 0 [Note] InnoDB: Uses event mutexes
2018-10-31T22:34:59.678480Z 0 [Note] InnoDB: GCC builtin __atomic_thread_fence() is used for memory barrier
2018-10-31T22:34:59.678482Z 0 [Note] InnoDB: Compressed tables use zlib 1.2.11
2018-10-31T22:34:59.678485Z 0 [Note] InnoDB: Using Linux native AIO
2018-10-31T22:34:59.678605Z 0 [Note] InnoDB: Number of pools: 1
2018-10-31T22:34:59.678657Z 0 [Note] InnoDB: Using CPU crc32 instructions
2018-10-31T22:34:59.679434Z 0 [Note] InnoDB: Initializing buffer pool, total size = 128M, instances = 1, chunk size = 128M
2018-10-31T22:34:59.684016Z 0 [Note] InnoDB: Completed initialization of buffer pool
2018-10-31T22:34:59.685032Z 0 [Note] InnoDB: If the mysqld execution user is authorized, page cleaner thread priority can be changed. See the man page of setpriority().
2018-10-31T22:34:59.698438Z 0 [Note] InnoDB: Highest supported file format is Barracuda.
2018-10-31T22:34:59.706510Z 0 [Note] InnoDB: Creating shared tablespace for temporary tables
2018-10-31T22:34:59.706549Z 0 [Note] InnoDB: Setting file './ibtmp1' size to 12 MB. Physically writing the file full; Please wait ...
2018-10-31T22:34:59.719487Z 0 [Note] InnoDB: File './ibtmp1' size is now 12 MB.
2018-10-31T22:34:59.719928Z 0 [Note] InnoDB: 96 redo rollback segment(s) found. 96 redo rollback segment(s) are active.
2018-10-31T22:34:59.719935Z 0 [Note] InnoDB: 32 non-redo rollback segment(s) are active.
2018-10-31T22:34:59.720074Z 0 [Note] InnoDB: Waiting for purge to start
2018-10-31T22:34:59.770884Z 0 [Note] InnoDB: 5.7.24 started; log sequence number 2592086
2018-10-31T22:34:59.771257Z 0 [Note] Plugin 'FEDERATED' is disabled.
2018-10-31T22:34:59.775531Z 0 [Warning] Failed to set up SSL because of the following SSL library error: SSL context is not usable without certificate and private key
2018-10-31T22:34:59.775549Z 0 [Note] Server hostname (bind-address): '127.0.0.1'; port: 3306
2018-10-31T22:34:59.775557Z 0 [Note]   - '127.0.0.1' resolves to '127.0.0.1';
2018-10-31T22:34:59.775579Z 0 [Note] Server socket created on IP: '127.0.0.1'.
2018-10-31T22:34:59.775740Z 0 [Note] InnoDB: Loading buffer pool(s) from /var/lib/mysql/ib_buffer_pool
2018-10-31T22:34:59.777080Z 0 [Note] InnoDB: Buffer pool(s) load completed at 181031 18:34:59
2018-10-31T22:34:59.777630Z 0 [Warning] Insecure configuration for --pid-file: Location '/tmp' in the path is accessible to all OS users. Consider choosing a different directory.
2018-10-31T22:34:59.781891Z 0 [Note] Event Scheduler: Loaded 0 events
2018-10-31T22:34:59.781954Z 0 [Note] Execution of init_file '/var/lib/mysql-files/tmp.y3o2rrYwAQ' started.
2018-10-31T22:34:59.782209Z 0 [Note] Execution of init_file '/var/lib/mysql-files/tmp.y3o2rrYwAQ' ended.
2018-10-31T22:34:59.782245Z 0 [Note] mysqld: ready for connections.
Version: '5.7.24-0ubuntu0.18.04.1'  socket: '/tmp/tmp.lARyv62bbd/mysqld.sock'  port: 3306  (Ubuntu)
2018-10-31T22:34:59.782378Z 0 [Note] Giving 0 client threads a chance to die gracefully
2018-10-31T22:34:59.782387Z 0 [Note] Shutting down slave threads
2018-10-31T22:34:59.782390Z 0 [Note] Forcefully disconnecting 0 remaining clients
2018-10-31T22:34:59.782393Z 0 [Note] Event Scheduler: Purging the queue. 0 events
2018-10-31T22:34:59.782419Z 0 [Note] Binlog end
2018-10-31T22:34:59.782624Z 0 [Note] Shutting down plugin 'auth_socket'
2018-10-31T22:34:59.782629Z 0 [Note] Shutting down plugin 'ngram'
2018-10-31T22:34:59.782631Z 0 [Note] Shutting down plugin 'partition'
2018-10-31T22:34:59.782633Z 0 [Note] Shutting down plugin 'BLACKHOLE'
2018-10-31T22:34:59.782636Z 0 [Note] Shutting down plugin 'ARCHIVE'
2018-10-31T22:34:59.782637Z 0 [Note] Shutting down plugin 'PERFORMANCE_SCHEMA'
2018-10-31T22:34:59.782650Z 0 [Note] Shutting down plugin 'MRG_MYISAM'
2018-10-31T22:34:59.782657Z 0 [Note] Shutting down plugin 'MyISAM'
2018-10-31T22:34:59.782661Z 0 [Note] Shutting down plugin 'INNODB_SYS_VIRTUAL'
2018-10-31T22:34:59.782663Z 0 [Note] Shutting down plugin 'INNODB_SYS_DATAFILES'
2018-10-31T22:34:59.782665Z 0 [Note] Shutting down plugin 'INNODB_SYS_TABLESPACES'
2018-10-31T22:34:59.782666Z 0 [Note] Shutting down plugin 'INNODB_SYS_FOREIGN_COLS'
2018-10-31T22:34:59.782668Z 0 [Note] Shutting down plugin 'INNODB_SYS_FOREIGN'
2018-10-31T22:34:59.782670Z 0 [Note] Shutting down plugin 'INNODB_SYS_FIELDS'
2018-10-31T22:34:59.782672Z 0 [Note] Shutting down plugin 'INNODB_SYS_COLUMNS'
2018-10-31T22:34:59.782673Z 0 [Note] Shutting down plugin 'INNODB_SYS_INDEXES'
2018-10-31T22:34:59.782675Z 0 [Note] Shutting down plugin 'INNODB_SYS_TABLESTATS'
2018-10-31T22:34:59.782677Z 0 [Note] Shutting down plugin 'INNODB_SYS_TABLES'
2018-10-31T22:34:59.782678Z 0 [Note] Shutting down plugin 'INNODB_FT_INDEX_TABLE'
2018-10-31T22:34:59.782680Z 0 [Note] Shutting down plugin 'INNODB_FT_INDEX_CACHE'
2018-10-31T22:34:59.782682Z 0 [Note] Shutting down plugin 'INNODB_FT_CONFIG'
2018-10-31T22:34:59.782683Z 0 [Note] Shutting down plugin 'INNODB_FT_BEING_DELETED'
2018-10-31T22:34:59.782685Z 0 [Note] Shutting down plugin 'INNODB_FT_DELETED'
2018-10-31T22:34:59.782687Z 0 [Note] Shutting down plugin 'INNODB_FT_DEFAULT_STOPWORD'
2018-10-31T22:34:59.782688Z 0 [Note] Shutting down plugin 'INNODB_METRICS'
2018-10-31T22:34:59.782690Z 0 [Note] Shutting down plugin 'INNODB_TEMP_TABLE_INFO'
2018-10-31T22:34:59.782692Z 0 [Note] Shutting down plugin 'INNODB_BUFFER_POOL_STATS'
2018-10-31T22:34:59.782693Z 0 [Note] Shutting down plugin 'INNODB_BUFFER_PAGE_LRU'
2018-10-31T22:34:59.782695Z 0 [Note] Shutting down plugin 'INNODB_BUFFER_PAGE'
2018-10-31T22:34:59.782697Z 0 [Note] Shutting down plugin 'INNODB_CMP_PER_INDEX_RESET'
2018-10-31T22:34:59.782698Z 0 [Note] Shutting down plugin 'INNODB_CMP_PER_INDEX'
2018-10-31T22:34:59.782700Z 0 [Note] Shutting down plugin 'INNODB_CMPMEM_RESET'
2018-10-31T22:34:59.782702Z 0 [Note] Shutting down plugin 'INNODB_CMPMEM'
2018-10-31T22:34:59.782703Z 0 [Note] Shutting down plugin 'INNODB_CMP_RESET'
2018-10-31T22:34:59.782705Z 0 [Note] Shutting down plugin 'INNODB_CMP'
2018-10-31T22:34:59.782707Z 0 [Note] Shutting down plugin 'INNODB_LOCK_WAITS'
2018-10-31T22:34:59.782708Z 0 [Note] Shutting down plugin 'INNODB_LOCKS'
2018-10-31T22:34:59.782710Z 0 [Note] Shutting down plugin 'INNODB_TRX'
2018-10-31T22:34:59.782712Z 0 [Note] Shutting down plugin 'InnoDB'
2018-10-31T22:34:59.782730Z 0 [Note] InnoDB: FTS optimize thread exiting.
2018-10-31T22:34:59.782803Z 0 [Note] InnoDB: Starting shutdown...
2018-10-31T22:34:59.883457Z 0 [Note] InnoDB: Dumping buffer pool(s) to /var/lib/mysql/ib_buffer_pool
2018-10-31T22:34:59.883728Z 0 [Note] InnoDB: Buffer pool(s) dump completed at 181031 18:34:59
2018-10-31T22:35:01.399318Z 0 [Note] InnoDB: Shutdown completed; log sequence number 2592105
2018-10-31T22:35:01.400370Z 0 [Note] InnoDB: Removed temporary tablespace data file: "ibtmp1"
2018-10-31T22:35:01.400381Z 0 [Note] Shutting down plugin 'MEMORY'
2018-10-31T22:35:01.400386Z 0 [Note] Shutting down plugin 'CSV'
2018-10-31T22:35:01.400390Z 0 [Note] Shutting down plugin 'sha256_password'
2018-10-31T22:35:01.400392Z 0 [Note] Shutting down plugin 'mysql_native_password'
2018-10-31T22:35:01.400528Z 0 [Note] Shutting down plugin 'binlog'
2018-10-31T22:35:01.400733Z 0 [Note] mysqld: Shutdown complete

2018-10-31T22:35:05.294480Z 0 [Warning] TIMESTAMP with implicit DEFAULT value is deprecated. Please use --explicit_defaults_for_timestamp server option (see documentation for more details).
2018-10-31T22:35:05.295293Z 0 [Note] /usr/sbin/mysqld (mysqld 5.7.24-0ubuntu0.18.04.1) starting as process 22576 ...
2018-10-31T22:35:05.297557Z 0 [Note] InnoDB: PUNCH HOLE support available
2018-10-31T22:35:05.297571Z 0 [Note] InnoDB: Mutexes and rw_locks use GCC atomic builtins
2018-10-31T22:35:05.297573Z 0 [Note] InnoDB: Uses event mutexes
2018-10-31T22:35:05.297576Z 0 [Note] InnoDB: GCC builtin __atomic_thread_fence() is used for memory barrier
2018-10-31T22:35:05.297585Z 0 [Note] InnoDB: Compressed tables use zlib 1.2.11
2018-10-31T22:35:05.297588Z 0 [Note] InnoDB: Using Linux native AIO
2018-10-31T22:35:05.297713Z 0 [Note] InnoDB: Number of pools: 1
2018-10-31T22:35:05.297771Z 0 [Note] InnoDB: Using CPU crc32 instructions
2018-10-31T22:35:05.298662Z 0 [Note] InnoDB: Initializing buffer pool, total size = 128M, instances = 1, chunk size = 128M
2018-10-31T22:35:05.303041Z 0 [Note] InnoDB: Completed initialization of buffer pool
2018-10-31T22:35:05.304080Z 0 [Note] InnoDB: If the mysqld execution user is authorized, page cleaner thread priority can be changed. See the man page of setpriority().
2018-10-31T22:35:05.315959Z 0 [Note] InnoDB: Highest supported file format is Barracuda.
2018-10-31T22:35:05.323800Z 0 [Note] InnoDB: Creating shared tablespace for temporary tables
2018-10-31T22:35:05.323850Z 0 [Note] InnoDB: Setting file './ibtmp1' size to 12 MB. Physically writing the file full; Please wait ...
2018-10-31T22:35:05.346948Z 0 [Note] InnoDB: File './ibtmp1' size is now 12 MB.
2018-10-31T22:35:05.347432Z 0 [Note] InnoDB: 96 redo rollback segment(s) found. 96 redo rollback segment(s) are active.
2018-10-31T22:35:05.347441Z 0 [Note] InnoDB: 32 non-redo rollback segment(s) are active.
2018-10-31T22:35:05.347599Z 0 [Note] InnoDB: Waiting for purge to start
2018-10-31T22:35:05.398179Z 0 [Note] InnoDB: 5.7.24 started; log sequence number 2592105
2018-10-31T22:35:05.398480Z 0 [Note] Plugin 'FEDERATED' is disabled.
2018-10-31T22:35:05.402086Z 0 [Warning] Failed to set up SSL because of the following SSL library error: SSL context is not usable without certificate and private key
2018-10-31T22:35:05.402104Z 0 [Note] Server hostname (bind-address): '127.0.0.1'; port: 3306
2018-10-31T22:35:05.402112Z 0 [Note]   - '127.0.0.1' resolves to '127.0.0.1';
2018-10-31T22:35:05.402133Z 0 [Note] Server socket created on IP: '127.0.0.1'.
2018-10-31T22:35:05.403261Z 0 [Note] InnoDB: Loading buffer pool(s) from /var/lib/mysql/ib_buffer_pool
2018-10-31T22:35:05.404068Z 0 [Note] InnoDB: Buffer pool(s) load completed at 181031 18:35:05
2018-10-31T22:35:05.408167Z 0 [Note] Event Scheduler: Loaded 0 events
2018-10-31T22:35:05.408266Z 0 [Note] /usr/sbin/mysqld: ready for connections.
Version: '5.7.24-0ubuntu0.18.04.1'  socket: '/var/run/mysqld/mysqld.sock'  port: 3306  (Ubuntu)
2018-10-31T23:03:12.916491Z 5 [Note] Access denied for user 'phpmyadmin'@'localhost' (using password: YES)
2018-10-31T23:03:12.931239Z 7 [Note] Access denied for user 'phpmyadmin'@'localhost' (using password: YES)
2018-10-31T23:50:12.519302Z 0 [Note] InnoDB: page_cleaner: 1000ms intended loop took 498222ms. The settings might not be optimal. (flushed=0 and evicted=0, during the time.)
2018-10-31T23:51:07.101130Z 19 [Note] Access denied for user 'root'@'localhost' (using password: NO)
2018-10-31T23:51:17.286358Z 20 [Note] Access denied for user 'root'@'localhost' (using password: NO)
2018-10-31T23:51:25.862164Z 21 [Note] Access denied for user 'root'@'localhost' (using password: NO)
2018-10-31T23:51:48.507934Z 22 [Note] Access denied for user 'root'@'localhost' (using password: YES)
2018-11-01T00:08:10.216044Z 0 [Note] InnoDB: page_cleaner: 1000ms intended loop took 597236ms. The settings might not be optimal. (flushed=0 and evicted=0, during the time.)
2018-11-01T00:25:38.385133Z 0 [Note] InnoDB: page_cleaner: 1000ms intended loop took 23117ms. The settings might not be optimal. (flushed=0 and evicted=0, during the time.)
2018-11-01T17:10:11.144508Z 0 [Note] InnoDB: page_cleaner: 1000ms intended loop took 58255776ms. The settings might not be optimal. (flushed=0 and evicted=0, during the time.)
2018-11-01T18:00:34.313367Z 24 [Note] Access denied for user 'root'@'localhost' (using password: NO)
2018-11-01T18:00:57.320181Z 25 [Note] Access denied for user 'root'@'localhost' (using password: NO)
2018-11-01T18:01:47.909319Z 26 [Note] Access denied for user 'root'@'localhost' (using password: NO)
2018-11-01T18:02:25.610298Z 27 [Note] Access denied for user 'root'@'localhost' (using password: NO)
2018-11-01T18:10:29.405704Z 28 [Note] Access denied for user 'asim'@'localhost' (using password: NO)
2018-11-01T18:10:44.649543Z 29 [Note] Access denied for user 'root'@'localhost' (using password: NO)
2018-11-01T18:36:23.248908Z 0 [Warning] TIMESTAMP with implicit DEFAULT value is deprecated. Please use --explicit_defaults_for_timestamp server option (see documentation for more details).
2018-11-01T18:36:23.250897Z 0 [Note] /usr/sbin/mysqld (mysqld 5.7.24-0ubuntu0.18.04.1) starting as process 950 ...
2018-11-01T18:36:23.258419Z 0 [Note] InnoDB: PUNCH HOLE support available
2018-11-01T18:36:23.258450Z 0 [Note] InnoDB: Mutexes and rw_locks use GCC atomic builtins
2018-11-01T18:36:23.258453Z 0 [Note] InnoDB: Uses event mutexes
2018-11-01T18:36:23.258456Z 0 [Note] InnoDB: GCC builtin __atomic_thread_fence() is used for memory barrier
2018-11-01T18:36:23.258459Z 0 [Note] InnoDB: Compressed tables use zlib 1.2.11
2018-11-01T18:36:23.258462Z 0 [Note] InnoDB: Using Linux native AIO
2018-11-01T18:36:23.259443Z 0 [Note] InnoDB: Number of pools: 1
2018-11-01T18:36:23.264566Z 0 [Note] InnoDB: Using CPU crc32 instructions
2018-11-01T18:36:23.266673Z 0 [Note] InnoDB: Initializing buffer pool, total size = 128M, instances = 1, chunk size = 128M
2018-11-01T18:36:23.277562Z 0 [Note] InnoDB: Completed initialization of buffer pool
2018-11-01T18:36:23.282357Z 0 [Note] InnoDB: If the mysqld execution user is authorized, page cleaner thread priority can be changed. See the man page of setpriority().
2018-11-01T18:36:23.337611Z 0 [Note] InnoDB: Highest supported file format is Barracuda.
2018-11-01T18:36:23.341749Z 0 [Note] InnoDB: Log scan progressed past the checkpoint lsn 2700608
2018-11-01T18:36:23.341769Z 0 [Note] InnoDB: Doing recovery: scanned up to log sequence number 2700617
2018-11-01T18:36:23.341774Z 0 [Note] InnoDB: Database was not shutdown normally!
2018-11-01T18:36:23.341777Z 0 [Note] InnoDB: Starting crash recovery.
2018-11-01T18:36:23.492771Z 0 [Note] InnoDB: Removed temporary tablespace data file: "ibtmp1"
2018-11-01T18:36:23.492794Z 0 [Note] InnoDB: Creating shared tablespace for temporary tables
2018-11-01T18:36:23.492827Z 0 [Note] InnoDB: Setting file './ibtmp1' size to 12 MB. Physically writing the file full; Please wait ...
2018-11-01T18:36:23.533328Z 0 [Note] InnoDB: File './ibtmp1' size is now 12 MB.
2018-11-01T18:36:23.534002Z 0 [Note] InnoDB: 96 redo rollback segment(s) found. 96 redo rollback segment(s) are active.
2018-11-01T18:36:23.534012Z 0 [Note] InnoDB: 32 non-redo rollback segment(s) are active.
2018-11-01T18:36:23.534139Z 0 [Note] InnoDB: Waiting for purge to start
2018-11-01T18:36:23.585575Z 0 [Note] InnoDB: 5.7.24 started; log sequence number 2700617
2018-11-01T18:36:23.585707Z 0 [Note] InnoDB: Loading buffer pool(s) from /var/lib/mysql/ib_buffer_pool
2018-11-01T18:36:23.586384Z 0 [Note] Plugin 'FEDERATED' is disabled.
2018-11-01T18:36:23.604224Z 0 [Warning] Failed to set up SSL because of the following SSL library error: SSL context is not usable without certificate and private key
2018-11-01T18:36:23.604239Z 0 [Note] Server hostname (bind-address): '127.0.0.1'; port: 3306
2018-11-01T18:36:23.604245Z 0 [Note]   - '127.0.0.1' resolves to '127.0.0.1';
2018-11-01T18:36:23.604262Z 0 [Note] Server socket created on IP: '127.0.0.1'.
2018-11-01T18:36:23.606121Z 0 [ERROR] /usr/sbin/mysqld: Table './mysql/user' is marked as crashed and should be repaired
2018-11-01T18:36:23.606226Z 0 [Warning] Checking table:   './mysql/user'
2018-11-01T18:36:23.606236Z 0 [ERROR] 1 client is using or hasn't closed the table properly
2018-11-01T18:36:23.607917Z 0 [ERROR] /usr/sbin/mysqld: Table './mysql/db' is marked as crashed and should be repaired
2018-11-01T18:36:23.607997Z 0 [Warning] Checking table:   './mysql/db'
2018-11-01T18:36:23.608005Z 0 [ERROR] 1 client is using or hasn't closed the table properly
2018-11-01T18:36:23.635442Z 0 [Note] Event Scheduler: Loaded 0 events
2018-11-01T18:36:23.636719Z 0 [Note] /usr/sbin/mysqld: ready for connections.
Version: '5.7.24-0ubuntu0.18.04.1'  socket: '/var/run/mysqld/mysqld.sock'  port: 3306  (Ubuntu)
2018-11-01T18:36:23.648608Z 0 [Note] InnoDB: Buffer pool(s) load completed at 181101 14:36:23
2018-11-01T20:15:14.473670Z 4 [Note] Access denied for user 'root'@'localhost' (using password: YES)
2018-11-01T21:02:56.058141Z 6 [Note] Access denied for user 'asim'@'localhost' (using password: YES)
2018-11-01T21:03:19.930683Z 7 [Note] Access denied for user 'asim'@'localhost' (using password: YES)
2018-11-01T21:04:07.935937Z 8 [Note] Access denied for user 'asim'@'localhost' (using password: YES)
2018-11-01T22:27:23.273697Z 3 [Note] Aborted connection 3 to db: 'unconnected' user: 'root' host: 'localhost' (Got an error reading communication packets)
2018-11-01T22:27:23.274953Z 5 [Note] Aborted connection 5 to db: 'unconnected' user: 'root' host: 'localhost' (Got an error reading communication packets)
2018-11-01T23:17:06.983220Z 0 [Note] InnoDB: page_cleaner: 1000ms intended loop took 2510633ms. The settings might not be optimal. (flushed=0 and evicted=0, during the time.)
